c:\users\migs104\desktop\mtrn3500\assignment 2\assign2\mtrn3500\assign2\debug\vc141.pdb
c:\users\migs104\desktop\mtrn3500\assignment 2\assign2\mtrn3500\assign2\debug\vehicle.obj
c:\users\migs104\desktop\mtrn3500\assignment 2\assign2\mtrn3500\assign2\debug\vectormaths.obj
c:\users\migs104\desktop\mtrn3500\assignment 2\assign2\mtrn3500\assign2\debug\shape.obj
c:\users\migs104\desktop\mtrn3500\assignment 2\assign2\mtrn3500\assign2\debug\quaternion.obj
c:\users\migs104\desktop\mtrn3500\assignment 2\assign2\mtrn3500\assign2\debug\myvehicle.obj
c:\users\migs104\desktop\mtrn3500\assignment 2\assign2\mtrn3500\assign2\debug\messages.obj
c:\users\migs104\desktop\mtrn3500\assignment 2\assign2\mtrn3500\assign2\debug\main.obj
c:\users\migs104\desktop\mtrn3500\assignment 2\assign2\mtrn3500\assign2\debug\keymanager.obj
c:\users\migs104\desktop\mtrn3500\assignment 2\assign2\mtrn3500\assign2\debug\hud.obj
c:\users\migs104\desktop\mtrn3500\assignment 2\assign2\mtrn3500\assign2\debug\ground.obj
c:\users\migs104\desktop\mtrn3500\assignment 2\assign2\mtrn3500\assign2\debug\frustum.obj
c:\users\migs104\desktop\mtrn3500\assignment 2\assign2\mtrn3500\assign2\debug\camera.obj
c:\users\migs104\desktop\mtrn3500\assignment 2\assign2\mtrn3500\assign2\debug\.netframework,version=v4.0.assemblyattributes.obj
c:\users\migs104\desktop\mtrn3500\assignment 2\assign2\mtrn3500\assign2\debug\.netframework,version=v4.0.assemblyattributes.asm
c:\users\migs104\desktop\mtrn3500\assignment 2\assign2\mtrn3500\debug\assign2.exe
c:\users\migs104\desktop\mtrn3500\assignment 2\assign2\mtrn3500\debug\assign2.pdb
c:\users\migs104\desktop\mtrn3500\assignment 2\assign2\mtrn3500\assign2\debug\assign2.vcxprojassemblyreference.cache
c:\users\migs104\desktop\mtrn3500\assignment 2\assign2\mtrn3500\assign2\debug\assign2.tlog\cl.command.1.tlog
c:\users\migs104\desktop\mtrn3500\assignment 2\assign2\mtrn3500\assign2\debug\assign2.tlog\cl.read.1.tlog
c:\users\migs104\desktop\mtrn3500\assignment 2\assign2\mtrn3500\assign2\debug\assign2.tlog\cl.write.1.tlog
c:\users\migs104\desktop\mtrn3500\assignment 2\assign2\mtrn3500\assign2\debug\assign2.tlog\link.command.1.tlog
c:\users\migs104\desktop\mtrn3500\assignment 2\assign2\mtrn3500\assign2\debug\assign2.tlog\link.read.1.tlog
c:\users\migs104\desktop\mtrn3500\assignment 2\assign2\mtrn3500\assign2\debug\assign2.tlog\link.write.1.tlog
c:\users\migs104\desktop\mtrn3500\assignment 2\assign2\mtrn3500\assign2\debug\assign2.tlog\metagen.read.1.tlog
c:\users\migs104\desktop\mtrn3500\assignment 2\assign2\mtrn3500\assign2\debug\assign2.tlog\metagen.write.1.tlog
